[2022-05-16 22:04:17.051 +05:30 INF] Entity Framework Core 6.0.4 initialized 'AppDbContext' using provider 'Microsoft.EntityFrameworkCore.SqlServer:6.0.4' with options: None
[2022-05-16 22:04:17.423 +05:30 INF] Executed DbCommand (14ms) [Parameters=[], CommandType='"Text"', CommandTimeout='30']
SELECT 1
[2022-05-16 22:04:17.464 +05:30 INF] Executed DbCommand (30ms) [Parameters=[], CommandType='"Text"', CommandTimeout='30']

IF EXISTS
    (SELECT *
     FROM [sys].[objects] o
     WHERE [o].[type] = 'U'
     AND [o].[is_ms_shipped] = 0
     AND NOT EXISTS (SELECT *
         FROM [sys].[extended_properties] AS [ep]
         WHERE [ep].[major_id] = [o].[object_id]
             AND [ep].[minor_id] = 0
             AND [ep].[class] = 1
             AND [ep].[name] = N'microsoft_database_tools_support'
    )
)
SELECT 1 ELSE SELECT 0
[2022-05-16 22:04:17.736 +05:30 INF] Executed DbCommand (2ms) [Parameters=[], CommandType='"Text"', CommandTimeout='30']
SELECT CASE
    WHEN EXISTS (
        SELECT 1
        FROM [Organisations] AS [o]) THEN CAST(1 AS bit)
    ELSE CAST(0 AS bit)
END
[2022-05-16 22:04:17.745 +05:30 INF] Executed DbCommand (1ms) [Parameters=[], CommandType='"Text"', CommandTimeout='30']
SELECT CASE
    WHEN EXISTS (
        SELECT 1
        FROM [Departments] AS [d]) THEN CAST(1 AS bit)
    ELSE CAST(0 AS bit)
END
[2022-05-16 22:04:17.751 +05:30 INF] Executed DbCommand (2ms) [Parameters=[], CommandType='"Text"', CommandTimeout='30']
SELECT CASE
    WHEN EXISTS (
        SELECT 1
        FROM [Designations] AS [d]) THEN CAST(1 AS bit)
    ELSE CAST(0 AS bit)
END
[2022-05-16 22:04:17.756 +05:30 INF] Executed DbCommand (1ms) [Parameters=[], CommandType='"Text"', CommandTimeout='30']
SELECT CASE
    WHEN EXISTS (
        SELECT 1
        FROM [Employees] AS [e]) THEN CAST(1 AS bit)
    ELSE CAST(0 AS bit)
END
[2022-05-16 22:04:17.762 +05:30 INF] Executed DbCommand (1ms) [Parameters=[], CommandType='"Text"', CommandTimeout='30']
SELECT CASE
    WHEN EXISTS (
        SELECT 1
        FROM [AwardTypes] AS [a]) THEN CAST(1 AS bit)
    ELSE CAST(0 AS bit)
END
[2022-05-16 22:04:17.767 +05:30 INF] Executed DbCommand (1ms) [Parameters=[], CommandType='"Text"', CommandTimeout='30']
SELECT CASE
    WHEN EXISTS (
        SELECT 1
        FROM [Statuses] AS [s]) THEN CAST(1 AS bit)
    ELSE CAST(0 AS bit)
END
[2022-05-16 22:04:17.774 +05:30 INF] Executed DbCommand (2ms) [Parameters=[], CommandType='"Text"', CommandTimeout='30']
SELECT CASE
    WHEN EXISTS (
        SELECT 1
        FROM [Awards] AS [a]) THEN CAST(1 AS bit)
    ELSE CAST(0 AS bit)
END
[2022-05-16 22:04:17.792 +05:30 INF] User profile is available. Using 'C:\Users\jeeva\AppData\Local\ASP.NET\DataProtection-Keys' as key repository and Windows DPAPI to encrypt keys at rest.
[2022-05-16 22:04:17.942 +05:30 INF] Now listening on: https://localhost:7275
[2022-05-16 22:04:17.942 +05:30 INF] Now listening on: http://localhost:5050
[2022-05-16 22:04:17.947 +05:30 INF] Application started. Press Ctrl+C to shut down.
[2022-05-16 22:04:17.947 +05:30 INF] Hosting environment: Development
[2022-05-16 22:04:17.947 +05:30 INF] Content root path: D:\Github\DedSecAPI\A5\
[2022-05-16 22:04:18.904 +05:30 INF] Request starting HTTP/2 GET https://localhost:7275/ - -
[2022-05-16 22:04:18.980 +05:30 INF] Request finished HTTP/2 GET https://localhost:7275/ - - - 404 0 - 81.0508ms
[2022-05-16 22:04:22.267 +05:30 INF] Request starting HTTP/2 GET https://localhost:7275/swagger/index.html - -
[2022-05-16 22:04:22.342 +05:30 INF] Request finished HTTP/2 GET https://localhost:7275/swagger/index.html - - - 200 - text/html;charset=utf-8 75.0793ms
[2022-05-16 22:04:24.519 +05:30 INF] Request starting HTTP/2 GET https://localhost:7275/swagger/v1/swagger.json - -
[2022-05-16 22:04:24.647 +05:30 INF] Request finished HTTP/2 GET https://localhost:7275/swagger/v1/swagger.json - - - 200 - application/json;charset=utf-8 127.4976ms
[2022-05-16 22:04:37.988 +05:30 INF] Request starting HTTP/2 GET https://localhost:7275/api/Department/GetDepartmentsByOrganisationId?id=2 - -
[2022-05-16 22:04:37.994 +05:30 INF] Executing endpoint 'A5.Controller.DepartmentController.GetDepartmentsByOrganisationId (A5)'
[2022-05-16 22:04:38.015 +05:30 INF] Route matched with {action = "GetDepartmentsByOrganisationId", controller = "Department"}. Executing controller action with signature Microsoft.AspNetCore.Mvc.ActionResult GetDepartmentsByOrganisationId(Int32) on controller A5.Controller.DepartmentController (A5).
[2022-05-16 22:04:38.033 +05:30 INF] Entity Framework Core 6.0.4 initialized 'AppDbContext' using provider 'Microsoft.EntityFrameworkCore.SqlServer:6.0.4' with options: None
[2022-05-16 22:04:38.270 +05:30 INF] Executed DbCommand (30ms) [Parameters=[@__id_0='?' (DbType = Int32)], CommandType='"Text"', CommandTimeout='30']
SELECT [d].[Id], [d].[AddedBy], [d].[AddedOn], [d].[DepartmentName], [d].[IsActive], [d].[OrganisationId], [d].[UpdatedBy], [d].[UpdatedOn]
FROM [Departments] AS [d]
WHERE ([d].[OrganisationId] = @__id_0) AND ([d].[IsActive] = CAST(1 AS bit))
[2022-05-16 22:04:38.327 +05:30 INF] Executing OkObjectResult, writing value of type 'System.Collections.Generic.List`1[[A5.Models.Department, A5, Version=1.0.0.0, Culture=neutral, PublicKeyToken=null]]'.
[2022-05-16 22:04:38.408 +05:30 INF] Executed action A5.Controller.DepartmentController.GetDepartmentsByOrganisationId (A5) in 388.4572ms
[2022-05-16 22:04:38.408 +05:30 INF] Executed endpoint 'A5.Controller.DepartmentController.GetDepartmentsByOrganisationId (A5)'
[2022-05-16 22:04:38.411 +05:30 INF] Request finished HTTP/2 GET https://localhost:7275/api/Department/GetDepartmentsByOrganisationId?id=2 - - - 200 435 application/json;+charset=utf-8 422.7971ms
[2022-05-16 22:04:48.255 +05:30 INF] Request starting HTTP/2 GET https://localhost:7275/api/Department/GetDepartmentsByOrganisationId?id=1 - -
[2022-05-16 22:04:48.260 +05:30 INF] Executing endpoint 'A5.Controller.DepartmentController.GetDepartmentsByOrganisationId (A5)'
[2022-05-16 22:04:48.260 +05:30 INF] Route matched with {action = "GetDepartmentsByOrganisationId", controller = "Department"}. Executing controller action with signature Microsoft.AspNetCore.Mvc.ActionResult GetDepartmentsByOrganisationId(Int32) on controller A5.Controller.DepartmentController (A5).
[2022-05-16 22:04:48.315 +05:30 INF] Entity Framework Core 6.0.4 initialized 'AppDbContext' using provider 'Microsoft.EntityFrameworkCore.SqlServer:6.0.4' with options: None
[2022-05-16 22:04:48.442 +05:30 INF] Executed DbCommand (3ms) [Parameters=[@__id_0='?' (DbType = Int32)], CommandType='"Text"', CommandTimeout='30']
SELECT [d].[Id], [d].[AddedBy], [d].[AddedOn], [d].[DepartmentName], [d].[IsActive], [d].[OrganisationId], [d].[UpdatedBy], [d].[UpdatedOn]
FROM [Departments] AS [d]
WHERE ([d].[OrganisationId] = @__id_0) AND ([d].[IsActive] = CAST(1 AS bit))
[2022-05-16 22:04:48.442 +05:30 INF] Executing OkObjectResult, writing value of type 'System.Collections.Generic.List`1[[A5.Models.Department, A5, Version=1.0.0.0, Culture=neutral, PublicKeyToken=null]]'.
[2022-05-16 22:04:48.443 +05:30 INF] Executed action A5.Controller.DepartmentController.GetDepartmentsByOrganisationId (A5) in 182.8349ms
[2022-05-16 22:04:48.443 +05:30 INF] Executed endpoint 'A5.Controller.DepartmentController.GetDepartmentsByOrganisationId (A5)'
[2022-05-16 22:04:48.443 +05:30 INF] Request finished HTTP/2 GET https://localhost:7275/api/Department/GetDepartmentsByOrganisationId?id=1 - - - 200 223 application/json;+charset=utf-8 187.5123ms
[2022-05-16 22:05:01.194 +05:30 INF] Request starting HTTP/2 GET https://localhost:7275/api/Department/GetDepartmentsByOrganisationId?id=3 - -
[2022-05-16 22:05:01.194 +05:30 INF] Executing endpoint 'A5.Controller.DepartmentController.GetDepartmentsByOrganisationId (A5)'
[2022-05-16 22:05:01.194 +05:30 INF] Route matched with {action = "GetDepartmentsByOrganisationId", controller = "Department"}. Executing controller action with signature Microsoft.AspNetCore.Mvc.ActionResult GetDepartmentsByOrganisationId(Int32) on controller A5.Controller.DepartmentController (A5).
[2022-05-16 22:05:01.196 +05:30 INF] Entity Framework Core 6.0.4 initialized 'AppDbContext' using provider 'Microsoft.EntityFrameworkCore.SqlServer:6.0.4' with options: None
[2022-05-16 22:05:01.200 +05:30 INF] Executed DbCommand (1ms) [Parameters=[@__id_0='?' (DbType = Int32)], CommandType='"Text"', CommandTimeout='30']
SELECT [d].[Id], [d].[AddedBy], [d].[AddedOn], [d].[DepartmentName], [d].[IsActive], [d].[OrganisationId], [d].[UpdatedBy], [d].[UpdatedOn]
FROM [Departments] AS [d]
WHERE ([d].[OrganisationId] = @__id_0) AND ([d].[IsActive] = CAST(1 AS bit))
[2022-05-16 22:05:01.201 +05:30 INF] Executing OkObjectResult, writing value of type 'System.Collections.Generic.List`1[[A5.Models.Department, A5, Version=1.0.0.0, Culture=neutral, PublicKeyToken=null]]'.
[2022-05-16 22:05:01.201 +05:30 INF] Executed action A5.Controller.DepartmentController.GetDepartmentsByOrganisationId (A5) in 7.1176ms
[2022-05-16 22:05:01.201 +05:30 INF] Executed endpoint 'A5.Controller.DepartmentController.GetDepartmentsByOrganisationId (A5)'
[2022-05-16 22:05:01.201 +05:30 INF] Request finished HTTP/2 GET https://localhost:7275/api/Department/GetDepartmentsByOrganisationId?id=3 - - - 200 2 application/json;+charset=utf-8 7.6350ms
[2022-05-16 22:05:41.456 +05:30 INF] Request starting HTTP/2 GET https://localhost:7275/api/Organisation/GetAll - -
[2022-05-16 22:05:41.456 +05:30 INF] Executing endpoint 'A5.Controller.OrganisationController.GetAllOrganisation (A5)'
[2022-05-16 22:05:41.458 +05:30 INF] Route matched with {action = "GetAllOrganisation", controller = "Organisation"}. Executing controller action with signature Microsoft.AspNetCore.Mvc.ActionResult GetAllOrganisation() on controller A5.Controller.OrganisationController (A5).
[2022-05-16 22:05:41.460 +05:30 INF] Entity Framework Core 6.0.4 initialized 'AppDbContext' using provider 'Microsoft.EntityFrameworkCore.SqlServer:6.0.4' with options: None
[2022-05-16 22:05:41.474 +05:30 INF] Executed DbCommand (6ms) [Parameters=[], CommandType='"Text"', CommandTimeout='30']
SELECT [o].[Id], [o].[AddedBy], [o].[AddedOn], [o].[IsActive], [o].[OrganisationName], [o].[UpdatedBy], [o].[UpdatedOn]
FROM [Organisations] AS [o]
WHERE [o].[IsActive] = CAST(1 AS bit)
[2022-05-16 22:05:41.489 +05:30 INF] Executing OkObjectResult, writing value of type 'System.Collections.Generic.List`1[[A5.Models.Organisation, A5, Version=1.0.0.0, Culture=neutral, PublicKeyToken=null]]'.
[2022-05-16 22:05:41.493 +05:30 INF] Executed action A5.Controller.OrganisationController.GetAllOrganisation (A5) in 35.1964ms
[2022-05-16 22:05:41.493 +05:30 INF] Executed endpoint 'A5.Controller.OrganisationController.GetAllOrganisation (A5)'
[2022-05-16 22:05:41.493 +05:30 INF] Request finished HTTP/2 GET https://localhost:7275/api/Organisation/GetAll - - - 200 549 application/json;+charset=utf-8 37.4263ms
[2022-05-16 22:05:57.909 +05:30 INF] Request starting HTTP/2 GET https://localhost:7275/api/Organisation/GetById?id=2 - -
[2022-05-16 22:05:57.911 +05:30 INF] Executing endpoint 'A5.Controller.OrganisationController.GetByOrganisationId (A5)'
[2022-05-16 22:05:57.912 +05:30 INF] Route matched with {action = "GetByOrganisationId", controller = "Organisation"}. Executing controller action with signature Microsoft.AspNetCore.Mvc.ActionResult GetByOrganisationId(Int32) on controller A5.Controller.OrganisationController (A5).
[2022-05-16 22:05:57.917 +05:30 INF] Entity Framework Core 6.0.4 initialized 'AppDbContext' using provider 'Microsoft.EntityFrameworkCore.SqlServer:6.0.4' with options: None
[2022-05-16 22:05:57.933 +05:30 INF] Executed DbCommand (5ms) [Parameters=[@__id_0='?' (DbType = Int32)], CommandType='"Text"', CommandTimeout='30']
SELECT TOP(1) [o].[Id], [o].[AddedBy], [o].[AddedOn], [o].[IsActive], [o].[OrganisationName], [o].[UpdatedBy], [o].[UpdatedOn]
FROM [Organisations] AS [o]
WHERE [o].[Id] = @__id_0
[2022-05-16 22:05:57.933 +05:30 INF] Executing OkObjectResult, writing value of type 'A5.Models.Organisation'.
[2022-05-16 22:05:57.934 +05:30 INF] Executed action A5.Controller.OrganisationController.GetByOrganisationId (A5) in 21.7059ms
[2022-05-16 22:05:57.934 +05:30 INF] Executed endpoint 'A5.Controller.OrganisationController.GetByOrganisationId (A5)'
[2022-05-16 22:05:57.934 +05:30 INF] Request finished HTTP/2 GET https://localhost:7275/api/Organisation/GetById?id=2 - - - 200 184 application/json;+charset=utf-8 24.9311ms
[2022-05-16 22:06:56.521 +05:30 INF] Request starting HTTP/2 POST https://localhost:7275/api/Organisation/Create application/json-patch+json 124
[2022-05-16 22:06:56.526 +05:30 INF] CORS policy execution successful.
[2022-05-16 22:06:56.527 +05:30 INF] Executing endpoint 'A5.Controller.OrganisationController.Create (A5)'
[2022-05-16 22:06:56.528 +05:30 INF] Route matched with {action = "Create", controller = "Organisation"}. Executing controller action with signature Microsoft.AspNetCore.Mvc.ActionResult Create(A5.Models.Organisation) on controller A5.Controller.OrganisationController (A5).
[2022-05-16 22:06:56.576 +05:30 INF] Entity Framework Core 6.0.4 initialized 'AppDbContext' using provider 'Microsoft.EntityFrameworkCore.SqlServer:6.0.4' with options: None
[2022-05-16 22:06:56.783 +05:30 INF] Executed DbCommand (41ms) [Parameters=[@p0='?' (DbType = Int32), @p1='?' (DbType = DateTime2), @p2='?' (DbType = Boolean), @p3='?' (Size = 4000), @p4='?' (DbType = Int32), @p5='?' (DbType = DateTime2)], CommandType='"Text"', CommandTimeout='30']
SET NOCOUNT ON;
INSERT INTO [Organisations] ([AddedBy], [AddedOn], [IsActive], [OrganisationName], [UpdatedBy], [UpdatedOn])
VALUES (@p0, @p1, @p2, @p3, @p4, @p5);
SELECT [Id]
FROM [Organisations]
WHERE @@ROWCOUNT = 1 AND [Id] = scope_identity();
[2022-05-16 22:06:56.839 +05:30 INF] Executing OkObjectResult, writing value of type 'System.Boolean'.
[2022-05-16 22:06:56.840 +05:30 INF] Executed action A5.Controller.OrganisationController.Create (A5) in 311.9867ms
[2022-05-16 22:06:56.840 +05:30 INF] Executed endpoint 'A5.Controller.OrganisationController.Create (A5)'
[2022-05-16 22:06:56.841 +05:30 INF] Request finished HTTP/2 POST https://localhost:7275/api/Organisation/Create application/json-patch+json 124 - 200 4 application/json;+charset=utf-8 319.4090ms
[2022-05-16 22:08:03.198 +05:30 INF] Request starting HTTP/2 GET https://localhost:7275/api/Organisation/GetAll - -
[2022-05-16 22:08:03.198 +05:30 INF] Executing endpoint 'A5.Controller.OrganisationController.GetAllOrganisation (A5)'
[2022-05-16 22:08:03.198 +05:30 INF] Route matched with {action = "GetAllOrganisation", controller = "Organisation"}. Executing controller action with signature Microsoft.AspNetCore.Mvc.ActionResult GetAllOrganisation() on controller A5.Controller.OrganisationController (A5).
[2022-05-16 22:08:03.199 +05:30 INF] Entity Framework Core 6.0.4 initialized 'AppDbContext' using provider 'Microsoft.EntityFrameworkCore.SqlServer:6.0.4' with options: None
[2022-05-16 22:08:03.203 +05:30 INF] Executed DbCommand (1ms) [Parameters=[], CommandType='"Text"', CommandTimeout='30']
SELECT [o].[Id], [o].[AddedBy], [o].[AddedOn], [o].[IsActive], [o].[OrganisationName], [o].[UpdatedBy], [o].[UpdatedOn]
FROM [Organisations] AS [o]
WHERE [o].[IsActive] = CAST(1 AS bit)
[2022-05-16 22:08:03.204 +05:30 INF] Executing OkObjectResult, writing value of type 'System.Collections.Generic.List`1[[A5.Models.Organisation, A5, Version=1.0.0.0, Culture=neutral, PublicKeyToken=null]]'.
[2022-05-16 22:08:03.205 +05:30 INF] Executed action A5.Controller.OrganisationController.GetAllOrganisation (A5) in 6.2354ms
[2022-05-16 22:08:03.205 +05:30 INF] Executed endpoint 'A5.Controller.OrganisationController.GetAllOrganisation (A5)'
[2022-05-16 22:08:03.205 +05:30 INF] Request finished HTTP/2 GET https://localhost:7275/api/Organisation/GetAll - - - 200 703 application/json;+charset=utf-8 6.8280ms
[2022-05-16 22:08:16.518 +05:30 INF] Request starting HTTP/2 PUT https://localhost:7275/api/Organisation/Update?id=4 application/json-patch+json 190
[2022-05-16 22:08:16.518 +05:30 INF] CORS policy execution successful.
[2022-05-16 22:08:16.518 +05:30 INF] Executing endpoint 'A5.Controller.OrganisationController.Update (A5)'
[2022-05-16 22:08:16.519 +05:30 INF] Route matched with {action = "Update", controller = "Organisation"}. Executing controller action with signature Microsoft.AspNetCore.Mvc.ActionResult Update(A5.Models.Organisation, Int32) on controller A5.Controller.OrganisationController (A5).
[2022-05-16 22:08:16.529 +05:30 ERR] log: (Error: Namse should have only alphabets.No special Characters or numbers are allowed)
[2022-05-16 22:08:16.530 +05:30 INF] Executing BadRequestObjectResult, writing value of type 'System.String'.
[2022-05-16 22:08:16.530 +05:30 INF] Executed action A5.Controller.OrganisationController.Update (A5) in 10.9147ms
[2022-05-16 22:08:16.530 +05:30 INF] Executed endpoint 'A5.Controller.OrganisationController.Update (A5)'
[2022-05-16 22:08:16.530 +05:30 INF] Request finished HTTP/2 PUT https://localhost:7275/api/Organisation/Update?id=4 application/json-patch+json 190 - 400 - text/plain;+charset=utf-8 12.5913ms
[2022-05-16 22:08:31.048 +05:30 INF] Request starting HTTP/2 PUT https://localhost:7275/api/Organisation/Update?id=4 application/json-patch+json 189
[2022-05-16 22:08:31.048 +05:30 INF] CORS policy execution successful.
[2022-05-16 22:08:31.048 +05:30 INF] Executing endpoint 'A5.Controller.OrganisationController.Update (A5)'
[2022-05-16 22:08:31.049 +05:30 INF] Route matched with {action = "Update", controller = "Organisation"}. Executing controller action with signature Microsoft.AspNetCore.Mvc.ActionResult Update(A5.Models.Organisation, Int32) on controller A5.Controller.OrganisationController (A5).
[2022-05-16 22:08:31.050 +05:30 INF] Entity Framework Core 6.0.4 initialized 'AppDbContext' using provider 'Microsoft.EntityFrameworkCore.SqlServer:6.0.4' with options: None
[2022-05-16 22:08:31.071 +05:30 INF] Executed DbCommand (7ms) [Parameters=[@p6='?' (DbType = Int32), @p0='?' (DbType = Int32), @p1='?' (DbType = DateTime2), @p2='?' (DbType = Boolean), @p3='?' (Size = 4000), @p4='?' (DbType = Int32), @p5='?' (DbType = DateTime2)], CommandType='"Text"', CommandTimeout='30']
SET NOCOUNT ON;
UPDATE [Organisations] SET [AddedBy] = @p0, [AddedOn] = @p1, [IsActive] = @p2, [OrganisationName] = @p3, [UpdatedBy] = @p4, [UpdatedOn] = @p5
WHERE [Id] = @p6;
SELECT @@ROWCOUNT;
[2022-05-16 22:08:31.074 +05:30 INF] Executing OkObjectResult, writing value of type 'System.String'.
[2022-05-16 22:08:31.074 +05:30 INF] Executed action A5.Controller.OrganisationController.Update (A5) in 25.4293ms
[2022-05-16 22:08:31.074 +05:30 INF] Executed endpoint 'A5.Controller.OrganisationController.Update (A5)'
[2022-05-16 22:08:31.074 +05:30 INF] Request finished HTTP/2 PUT https://localhost:7275/api/Organisation/Update?id=4 application/json-patch+json 189 - 200 - text/plain;+charset=utf-8 25.9272ms
[2022-05-16 22:25:27.896 +05:30 INF] Request starting HTTP/2 GET https://localhost:7275/swagger/index.html - -
[2022-05-16 22:25:27.897 +05:30 INF] Request finished HTTP/2 GET https://localhost:7275/swagger/index.html - - - 200 - text/html;charset=utf-8 0.6591ms
[2022-05-16 22:25:28.173 +05:30 INF] Request starting HTTP/2 GET https://localhost:7275/swagger/v1/swagger.json - -
[2022-05-16 22:25:28.185 +05:30 INF] Request finished HTTP/2 GET https://localhost:7275/swagger/v1/swagger.json - - - 200 - application/json;charset=utf-8 12.6371ms
[2022-05-16 22:26:23.851 +05:30 INF] Request starting HTTP/2 PUT https://localhost:7275/api/Organisation/Disable?id=4 application/json-patch+json 189
[2022-05-16 22:26:23.851 +05:30 INF] CORS policy execution successful.
[2022-05-16 22:26:23.852 +05:30 INF] Executing endpoint 'A5.Controller.OrganisationController.Disable (A5)'
[2022-05-16 22:26:23.853 +05:30 INF] Route matched with {action = "Disable", controller = "Organisation"}. Executing controller action with signature Microsoft.AspNetCore.Mvc.ActionResult Disable(A5.Models.Organisation, Int32) on controller A5.Controller.OrganisationController (A5).
[2022-05-16 22:26:23.857 +05:30 INF] Entity Framework Core 6.0.4 initialized 'AppDbContext' using provider 'Microsoft.EntityFrameworkCore.SqlServer:6.0.4' with options: None
[2022-05-16 22:26:23.863 +05:30 INF] Executed DbCommand (1ms) [Parameters=[@__id_0='?' (DbType = Int32)], CommandType='"Text"', CommandTimeout='30']
SELECT TOP(1) [o].[Id], [o].[AddedBy], [o].[AddedOn], [o].[IsActive], [o].[OrganisationName], [o].[UpdatedBy], [o].[UpdatedOn]
FROM [Organisations] AS [o]
WHERE [o].[Id] = @__id_0
[2022-05-16 22:26:24.085 +05:30 INF] Executed DbCommand (216ms) [Parameters=[@p1='?' (DbType = Int32), @p0='?' (DbType = Boolean)], CommandType='"Text"', CommandTimeout='30']
SET NOCOUNT ON;
UPDATE [Organisations] SET [IsActive] = @p0
WHERE [Id] = @p1;
SELECT @@ROWCOUNT;
[2022-05-16 22:26:24.086 +05:30 INF] Executing OkObjectResult, writing value of type 'System.String'.
[2022-05-16 22:26:24.086 +05:30 INF] Executed action A5.Controller.OrganisationController.Disable (A5) in 232.9817ms
[2022-05-16 22:26:24.086 +05:30 INF] Executed endpoint 'A5.Controller.OrganisationController.Disable (A5)'
[2022-05-16 22:26:24.086 +05:30 INF] Request finished HTTP/2 PUT https://localhost:7275/api/Organisation/Disable?id=4 application/json-patch+json 189 - 200 - text/plain;+charset=utf-8 234.7901ms
[2022-05-16 22:26:32.380 +05:30 INF] Request starting HTTP/2 GET https://localhost:7275/api/Organisation/GetAll - -
[2022-05-16 22:26:32.380 +05:30 INF] Executing endpoint 'A5.Controller.OrganisationController.GetAllOrganisation (A5)'
[2022-05-16 22:26:32.380 +05:30 INF] Route matched with {action = "GetAllOrganisation", controller = "Organisation"}. Executing controller action with signature Microsoft.AspNetCore.Mvc.ActionResult GetAllOrganisation() on controller A5.Controller.OrganisationController (A5).
[2022-05-16 22:26:32.381 +05:30 INF] Entity Framework Core 6.0.4 initialized 'AppDbContext' using provider 'Microsoft.EntityFrameworkCore.SqlServer:6.0.4' with options: None
[2022-05-16 22:26:32.392 +05:30 INF] Executed DbCommand (3ms) [Parameters=[], CommandType='"Text"', CommandTimeout='30']
SELECT [o].[Id], [o].[AddedBy], [o].[AddedOn], [o].[IsActive], [o].[OrganisationName], [o].[UpdatedBy], [o].[UpdatedOn]
FROM [Organisations] AS [o]
WHERE [o].[IsActive] = CAST(1 AS bit)
[2022-05-16 22:26:32.392 +05:30 INF] Executing OkObjectResult, writing value of type 'System.Collections.Generic.List`1[[A5.Models.Organisation, A5, Version=1.0.0.0, Culture=neutral, PublicKeyToken=null]]'.
[2022-05-16 22:26:32.393 +05:30 INF] Executed action A5.Controller.OrganisationController.GetAllOrganisation (A5) in 12.1589ms
[2022-05-16 22:26:32.393 +05:30 INF] Executed endpoint 'A5.Controller.OrganisationController.GetAllOrganisation (A5)'
[2022-05-16 22:26:32.393 +05:30 INF] Request finished HTTP/2 GET https://localhost:7275/api/Organisation/GetAll - - - 200 549 application/json;+charset=utf-8 12.5901ms
